2026-04-22 13:33:58 === System Info ===
2026-04-22 13:33:58 Hostname: pavel-huawei-ubuntu
2026-04-22 13:33:58 OS: GNU/Linux
2026-04-22 13:33:58 Kernel: 6.17.0-20-generic
2026-04-22 13:33:58 Uptime: up 1 week, 3 hours, 44 minutes
2026-04-22 13:33:58 === Resources ===
2026-04-22 13:33:58 CPU: 16
2026-04-22 13:33:58 RAM: 6.0Gi/15Gi
2026-04-22 13:33:58 Disk: 78G/115G
2026-04-22 13:33:58 === Docker ===
CONTAINER ID   IMAGE     STATUS
2026-04-22 13:34:26 === System Info ===
2026-04-22 13:34:26 Hostname: pavel-huawei-ubuntu
2026-04-22 13:34:26 OS: GNU/Linux
2026-04-22 13:34:26 Kernel: 6.17.0-20-generic
2026-04-22 13:34:26 Uptime: up 1 week, 3 hours, 44 minutes
2026-04-22 13:34:26 === Resources ===
2026-04-22 13:34:26 CPU: 16
2026-04-22 13:34:26 RAM: 6.1Gi/15Gi
2026-04-22 13:34:26 Disk: 78G/115G
2026-04-22 13:34:26 === Docker ===
CONTAINER ID   IMAGE            STATUS
77494325ac25   simple-app-app   Up 7 seconds (health: starting)
2026-04-22 13:34:53 === System Info ===
2026-04-22 13:34:53 Hostname: pavel-huawei-ubuntu
2026-04-22 13:34:53 OS: GNU/Linux
2026-04-22 13:34:53 Kernel: 6.17.0-20-generic
2026-04-22 13:34:53 Uptime: up 1 week, 3 hours, 45 minutes
2026-04-22 13:34:53 === Resources ===
2026-04-22 13:34:53 CPU: 16
2026-04-22 13:34:53 RAM: 6.1Gi/15Gi
2026-04-22 13:34:53 Disk: 78G/115G
2026-04-22 13:34:53 === Docker ===
CONTAINER ID   IMAGE     STATUS
